app/build/outputs/logs/manifest-merger-debug-report.txt
-- Merging decision tree log ---
manifest
ADDED from src/main/AndroidManifest.xml:2:1-128:12
	package
		ADDED from src/main/AndroidManifest.xml:4:5-31
		INJECTED from src/main/AndroidManifest.xml
		INJECTED from src/main/AndroidManifest.xml
	android:versionName
		ADDED from src/main/AndroidManifest.xml:6:5-51
	android:versionCode
		ADDED from src/main/AndroidManifest.xml:5:5-31
		INJECTED from src/main/AndroidManifest.xml
		INJECTED from src/main/AndroidManifest.xml
	xmlns:android
		ADDED from src/main/AndroidManifest.xml:3:5-63
uses-permission#android.permission.ACCESS_NETWORK_STATE
ADDED from src/main/AndroidManifest.xml:8:5-79
MERGED from [com.google.android.gms:play-services-ads:8.1.0] AndroidManifest.xml:21:5-78
	android:name
		ADDED from src/main/AndroidManifest.xml:8:22-76
uses-permission#android.permission.INTERNET
ADDED from src/main/AndroidManifest.xml:9:5-67
MERGED from [com.google.android.gms:play-services-ads:8.1.0] AndroidManifest.xml:20:5-66
	android:name
		ADDED from src/main/AndroidManifest.xml:9:22-64
uses-permission#android.permission.WRITE_EXTERNAL_STORAGE
ADDED from src/main/AndroidManifest.xml:10:5-81
	android:name
		ADDED from src/main/AndroidManifest.xml:10:22-78
uses-permission#com.android.vending.BILLING
ADDED from src/main/AndroidManifest.xml:11:5-67
	android:name
		ADDED from src/main/AndroidManifest.xml:11:22-64
application
ADDED from src/main/AndroidManifest.xml:13:5-126:19
MERGED from [com.android.support:support-v4:23.1.0] AndroidManifest.xml:22:5-20
MERGED from [com.android.support:appcompat-v7:23.1.0] AndroidManifest.xml:22:5-20
MERGED from [com.android.support:support-v4:23.1.0] AndroidManifest.xml:22:5-20
MERGED from [com.android.support:design:23.1.0] AndroidManifest.xml:22:5-20
MERGED from [com.android.support:appcompat-v7:23.1.0] AndroidManifest.xml:22:5-20
MERGED from [com.android.support:support-v4:23.1.0] AndroidManifest.xml:22:5-20
MERGED from [com.android.support:support-v4:23.1.0] AndroidManifest.xml:22:5-20
MERGED from [com.android.support:support-v4:23.1.0] AndroidManifest.xml:22:5-20
MERGED from [com.android.support:support-v4:23.1.0] AndroidManifest.xml:22:5-20
MERGED from [com.google.android.gms:play-services-ads:8.1.0] AndroidManifest.xml:24:5-32:19
MERGED from [com.google.android.gms:play-services-basement:8.1.0] AndroidManifest.xml:20:5-24:19
MERGED from [com.android.support:support-v4:23.1.0] AndroidManifest.xml:22:5-20
MERGED from [com.google.android.gms:play-services-appindexing:8.1.0] AndroidManifest.xml:19:5-20
MERGED from [com.google.android.gms:play-services-basement:8.1.0] AndroidManifest.xml:20:5-24:19
MERGED from [com.android.support:support-v4:23.1.0] AndroidManifest.xml:22:5-20
	android:label
		ADDED from src/main/AndroidManifest.xml:16:9-41
	android:allowBackup
		ADDED from src/main/AndroidManifest.xml:14:9-35
	android:icon
		ADDED from src/main/AndroidManifest.xml:15:9-45
	android:theme
		ADDED from src/main/AndroidManifest.xml:17:9-47
meta-data#com.google.android.gms.version
ADDED from src/main/AndroidManifest.xml:19:9-21:69
MERGED from [com.google.android.gms:play-services-basement:8.1.0] AndroidManifest.xml:21:9-23:69
MERGED from [com.google.android.gms:play-services-basement:8.1.0] AndroidManifest.xml:21:9-23:69
	android:value
		ADDED from src/main/AndroidManifest.xml:21:13-66
	android:name
		ADDED from src/main/AndroidManifest.xml:20:13-58
activity#io.microdev.note.activity.ActivityList
ADDED from src/main/AndroidManifest.xml:23:9-30:20
	android:name
		ADDED from src/main/AndroidManifest.xml:23:19-72
intent-filter#android.intent.action.MAIN+android.intent.category.LAUNCHER
ADDED from src/main/AndroidManifest.xml:24:13-29:29
action#android.intent.action.MAIN
ADDED from src/main/AndroidManifest.xml:26:17-69
	android:name
		ADDED from src/main/AndroidManifest.xml:26:25-66
category#android.intent.category.LAUNCHER
ADDED from src/main/AndroidManifest.xml:27:17-77
	android:name
		ADDED from src/main/AndroidManifest.xml:27:27-74
activity#io.microdev.note.activity.ActivityEdit
ADDED from src/main/AndroidManifest.xml:32:9-47:20
	android:hardwareAccelerated
		ADDED from src/main/AndroidManifest.xml:34:13-47
	android:name
		ADDED from src/main/AndroidManifest.xml:33:13-66
intent-filter#android.intent.action.VIEW+android.intent.category.DEFAULT
ADDED from src/main/AndroidManifest.xml:36:13-45:29
action#android.intent.action.VIEW
ADDED from src/main/AndroidManifest.xml:38:17-69
	android:name
		ADDED from src/main/AndroidManifest.xml:38:25-66
category#android.intent.category.DEFAULT
ADDED from src/main/AndroidManifest.xml:39:17-76
	android:name
		ADDED from src/main/AndroidManifest.xml:39:27-73
data
ADDED from src/main/AndroidManifest.xml:41:17-47
	android:scheme
		ADDED from src/main/AndroidManifest.xml:41:23-44
activity#io.microdev.note.activity.ActivityPurchase
ADDED from src/main/AndroidManifest.xml:49:9-51:66
	android:theme
		ADDED from src/main/AndroidManifest.xml:51:13-63
	android:name
		ADDED from src/main/AndroidManifest.xml:50:13-70
activity#io.microdev.note.activity.ActivityAbout
ADDED from src/main/AndroidManifest.xml:53:9-55:66
	android:theme
		ADDED from src/main/AndroidManifest.xml:55:13-63
	android:name
		ADDED from src/main/AndroidManifest.xml:54:13-67
meta-data#com.appodeal.framework
ADDED from src/main/AndroidManifest.xml:59:9-61:39
	android:value
		ADDED from src/main/AndroidManifest.xml:61:13-36
	android:name
		ADDED from src/main/AndroidManifest.xml:60:13-50
activity#com.appodeal.ads.InterstitialActivity
ADDED from src/main/AndroidManifest.xml:63:9-66:75
	android:configChanges
		ADDED from src/main/AndroidManifest.xml:65:13-59
	android:theme
		ADDED from src/main/AndroidManifest.xml:66:13-72
	android:name
		ADDED from src/main/AndroidManifest.xml:64:13-65
activity#com.appodeal.ads.VideoActivity
ADDED from src/main/AndroidManifest.xml:68:9-71:75
	android:configChanges
		ADDED from src/main/AndroidManifest.xml:70:13-59
	android:theme
		ADDED from src/main/AndroidManifest.xml:71:13-72
	android:name
		ADDED from src/main/AndroidManifest.xml:69:13-58
activity#com.appodeal.ads.LoaderActivity
ADDED from src/main/AndroidManifest.xml:73:9-76:75
	android:configChanges
		ADDED from src/main/AndroidManifest.xml:75:13-59
	android:theme
		ADDED from src/main/AndroidManifest.xml:76:13-72
	android:name
		ADDED from src/main/AndroidManifest.xml:74:13-59
activity#com.google.android.gms.ads.AdActivity
ADDED from src/main/AndroidManifest.xml:78:9-81:64
MERGED from [com.google.android.gms:play-services-ads:8.1.0] AndroidManifest.xml:26:9-29:64
	android:configChanges
		ADDED from src/main/AndroidManifest.xml:80:13-122
	android:theme
		ADDED from src/main/AndroidManifest.xml:81:13-61
	android:name
		ADDED from src/main/AndroidManifest.xml:79:13-65
activity#com.chartboost.sdk.CBImpressionActivity
ADDED from src/main/AndroidManifest.xml:83:9-86:49
	android:excludeFromRecents
		ADDED from src/main/AndroidManifest.xml:86:13-46
	android:theme
		ADDED from src/main/AndroidManifest.xml:85:13-61
	android:name
		ADDED from src/main/AndroidManifest.xml:84:13-67
activity#com.applovin.adview.AppLovinInterstitialActivity
ADDED from src/main/AndroidManifest.xml:88:9-90:64
	android:theme
		ADDED from src/main/AndroidManifest.xml:90:13-61
	android:name
		ADDED from src/main/AndroidManifest.xml:89:13-76
activity#com.mopub.mobileads.MoPubActivity
ADDED from src/main/AndroidManifest.xml:92:9-95:64
	android:configChanges
		ADDED from src/main/AndroidManifest.xml:94:13-74
	android:theme
		ADDED from src/main/AndroidManifest.xml:95:13-61
	android:name
		ADDED from src/main/AndroidManifest.xml:93:13-61
activity#com.mopub.common.MoPubBrowser
ADDED from src/main/AndroidManifest.xml:97:9-99:77
	android:configChanges
		ADDED from src/main/AndroidManifest.xml:99:13-74
	android:name
		ADDED from src/main/AndroidManifest.xml:98:13-57
activity#com.mopub.mobileads.MraidActivity
ADDED from src/main/AndroidManifest.xml:101:9-103:77
	android:configChanges
		ADDED from src/main/AndroidManifest.xml:103:13-74
	android:name
		ADDED from src/main/AndroidManifest.xml:102:13-61
activity#com.mopub.mobileads.MraidVideoPlayerActivity
ADDED from src/main/AndroidManifest.xml:105:9-107:77
	android:configChanges
		ADDED from src/main/AndroidManifest.xml:107:13-74
	android:name
		ADDED from src/main/AndroidManifest.xml:106:13-72
activity#org.nexage.sourcekit.mraid.MRAIDBrowser
ADDED from src/main/AndroidManifest.xml:109:9-112:64
	android:configChanges
		ADDED from src/main/AndroidManifest.xml:111:13-83
	android:theme
		ADDED from src/main/AndroidManifest.xml:112:13-61
	android:name
		ADDED from src/main/AndroidManifest.xml:110:13-67
activity#com.amazon.device.ads.AdActivity
ADDED from src/main/AndroidManifest.xml:114:9-116:77
	android:configChanges
		ADDED from src/main/AndroidManifest.xml:116:13-74
	android:name
		ADDED from src/main/AndroidManifest.xml:115:13-60
activity#ru.mail.android.mytarget.ads.MyTargetActivity
ADDED from src/main/AndroidManifest.xml:118:9-120:125
	android:configChanges
		ADDED from src/main/AndroidManifest.xml:120:13-122
	android:name
		ADDED from src/main/AndroidManifest.xml:119:13-73
activity#org.nexage.sourcekit.vast.activity.VASTActivity
ADDED from src/main/AndroidManifest.xml:122:9-124:74
	android:theme
		ADDED from src/main/AndroidManifest.xml:124:13-71
	android:name
		ADDED from src/main/AndroidManifest.xml:123:13-75
uses-sdk
INJECTED from src/main/AndroidManifest.xml reason: use-sdk injection requested
MERGED from [com.android.support:support-v4:23.1.0] AndroidManifest.xml:20:5-43
MERGED from [com.android.support:appcompat-v7:23.1.0] AndroidManifest.xml:20:5-43
MERGED from [com.android.support:support-v4:23.1.0] AndroidManifest.xml:20:5-43
MERGED from [com.android.support:design:23.1.0] AndroidManifest.xml:20:5-43
MERGED from [com.android.support:appcompat-v7:23.1.0] AndroidManifest.xml:20:5-43
MERGED from [com.android.support:support-v4:23.1.0] AndroidManifest.xml:20:5-43
MERGED from [com.android.support:recyclerview-v7:23.1.0] AndroidManifest.xml:20:5-43
MERGED from [com.android.support:support-v4:23.1.0] AndroidManifest.xml:20:5-43
MERGED from [com.android.support:support-v4:23.1.0] AndroidManifest.xml:20:5-43
MERGED from [com.android.support:recyclerview-v7:23.1.0] AndroidManifest.xml:20:5-43
MERGED from [com.android.support:support-v4:23.1.0] AndroidManifest.xml:20:5-43
MERGED from [com.google.android.gms:play-services-ads:8.1.0] AndroidManifest.xml:23:5-42
MERGED from [com.google.android.gms:play-services-basement:8.1.0] AndroidManifest.xml:18:5-42
MERGED from [com.android.support:support-v4:23.1.0] AndroidManifest.xml:20:5-43
MERGED from [com.google.android.gms:play-services-appindexing:8.1.0] AndroidManifest.xml:18:5-42
MERGED from [com.google.android.gms:play-services-basement:8.1.0] AndroidManifest.xml:18:5-42
MERGED from [com.android.support:support-v4:23.1.0] AndroidManifest.xml:20:5-43
	android:targetSdkVersion
		INJECTED from src/main/AndroidManifest.xml
		INJECTED from src/main/AndroidManifest.xml
	android:minSdkVersion
		INJECTED from src/main/AndroidManifest.xml
		INJECTED from src/main/AndroidManifest.xml
activity#com.google.android.gms.ads.purchase.InAppPurchaseActivity
ADDED from [com.google.android.gms:play-services-ads:8.1.0] AndroidManifest.xml:30:9-31:52
	android:theme
		ADDED from [com.google.android.gms:play-services-ads:8.1.0] AndroidManifest.xml:31:13-50
	android:name
		ADDED from [com.google.android.gms:play-services-ads:8.1.0] AndroidManifest.xml:30:19-91